------------------------------------------------------------
Зафиксирован вызов функции menu
19.04.2020 22:27
Список переданных агрументов:()
Время выполнения функции:0:00:00
------------------------------------------------------------

------------------------------------------------------------
Зафиксирован вызов функции menu
19.04.2020 22:27
Список переданных агрументов:()
Время выполнения функции:0:00:00
------------------------------------------------------------

------------------------------------------------------------
Зафиксирован вызов функции menu
19.04.2020 22:27
Список переданных агрументов:()
Время выполнения функции:0:00:00
------------------------------------------------------------

------------------------------------------------------------
Зафиксирован вызов функции menu
19.04.2020 22:27
Список переданных агрументов:()
Время выполнения функции:0:00:00
------------------------------------------------------------

